[2026-02-13 12:00:21] === Starting Weekly Payroll Deduplication ===
[2026-02-13 12:00:21] Before cleanup: 9500 total records, 33 unique combinations
[2026-02-13 12:00:21] Duplicates found: 9467
[2026-02-13 12:00:21] Backup created: weekly_payroll_reports_backup_20260213_120021
[2026-02-13 12:00:54] === Starting Weekly Payroll Deduplication ===
[2026-02-13 12:00:54] Before cleanup: 9500 total records, 33 unique combinations
[2026-02-13 12:00:54] Duplicates found: 9467
[2026-02-13 12:00:54] Backup created: weekly_payroll_reports_backup_20260213_120054
[2026-02-13 12:01:09] === Starting Weekly Payroll Deduplication ===
[2026-02-13 12:01:09] Before cleanup: 9500 total records, 33 unique combinations
[2026-02-13 12:01:09] Duplicates found: 9467
[2026-02-13 12:01:09] Backup created: weekly_payroll_reports_backup_20260213_120109
[2026-02-13 12:03:04] === Starting Weekly Payroll Deduplication ===
[2026-02-13 12:03:04] Before cleanup: 9500 total records, 33 unique combinations
[2026-02-13 12:03:04] Duplicates found: 9467
[2026-02-13 12:03:05] Backup created: weekly_payroll_reports_backup_20260213_120304
[2026-02-13 12:03:16] === Starting Weekly Payroll Deduplication ===
[2026-02-13 12:03:16] Before cleanup: 9500 total records, 33 unique combinations
[2026-02-13 12:03:16] Duplicates found: 9467
[2026-02-13 12:03:16] Backup created: weekly_payroll_reports_backup_20260213_120316
[2026-02-13 12:03:16] Cleaned: Emp 6 Week 0 - Aggregated 2 records, deleted 1 duplicates
[2026-02-13 12:03:16] Cleaned: Emp 6 Week 1 - Aggregated 3 records, deleted 2 duplicates
[2026-02-13 12:03:16] Cleaned: Emp 6 Week 2 - Aggregated 2 records, deleted 1 duplicates
[2026-02-13 12:03:16] Cleaned: Emp 6 Week 2 - Aggregated 2 records, deleted 1 duplicates
[2026-02-13 12:03:16] Cleaned: Emp 6 Week 1 - Aggregated 18 records, deleted 17 duplicates
[2026-02-13 12:03:16] Cleaned: Emp 6 Week 2 - Aggregated 11 records, deleted 10 duplicates
[2026-02-13 12:03:16] Cleaned: Emp 6 Week 3 - Aggregated 4 records, deleted 3 duplicates
[2026-02-13 12:03:16] Cleaned: Emp 6 Week 4 - Aggregated 2 records, deleted 1 duplicates
[2026-02-13 12:03:16] Cleaned: Emp 11 Week 0 - Aggregated 2 records, deleted 1 duplicates
[2026-02-13 12:03:16] Cleaned: Emp 11 Week 1 - Aggregated 3 records, deleted 2 duplicates
[2026-02-13 12:03:16] Cleaned: Emp 11 Week 2 - Aggregated 2 records, deleted 1 duplicates
[2026-02-13 12:03:16] Cleaned: Emp 11 Week 2 - Aggregated 2 records, deleted 1 duplicates
[2026-02-13 12:03:16] Cleaned: Emp 11 Week 0 - Aggregated 3 records, deleted 2 duplicates
[2026-02-13 12:03:16] Cleaned: Emp 11 Week 1 - Aggregated 49 records, deleted 48 duplicates
[2026-02-13 12:03:16] Cleaned: Emp 11 Week 2 - Aggregated 71 records, deleted 70 duplicates
[2026-02-13 12:03:16] Cleaned: Emp 11 Week 3 - Aggregated 5 records, deleted 4 duplicates
[2026-02-13 12:03:16] Cleaned: Emp 11 Week 4 - Aggregated 2 records, deleted 1 duplicates
[2026-02-13 12:03:16] Cleaned: Emp 12 Week 0 - Aggregated 2 records, deleted 1 duplicates
[2026-02-13 12:03:16] Cleaned: Emp 12 Week 1 - Aggregated 3 records, deleted 2 duplicates
[2026-02-13 12:03:16] Cleaned: Emp 12 Week 2 - Aggregated 2 records, deleted 1 duplicates
[2026-02-13 12:03:16] Cleaned: Emp 12 Week 2 - Aggregated 2 records, deleted 1 duplicates
[2026-02-13 12:03:16] Cleaned: Emp 12 Week 0 - Aggregated 3 records, deleted 2 duplicates
[2026-02-13 12:03:16] Cleaned: Emp 12 Week 1 - Aggregated 49 records, deleted 48 duplicates
[2026-02-13 12:03:16] Cleaned: Emp 12 Week 3 - Aggregated 5 records, deleted 4 duplicates
[2026-02-13 12:03:16] Cleaned: Emp 12 Week 4 - Aggregated 2 records, deleted 1 duplicates
[2026-02-13 12:03:16] Cleaned: Emp 13 Week 0 - Aggregated 2 records, deleted 1 duplicates
[2026-02-13 12:03:16] Cleaned: Emp 13 Week 1 - Aggregated 3 records, deleted 2 duplicates
[2026-02-13 12:03:16] Cleaned: Emp 13 Week 2 - Aggregated 2 records, deleted 1 duplicates
[2026-02-13 12:03:16] Cleaned: Emp 13 Week 2 - Aggregated 2 records, deleted 1 duplicates
[2026-02-13 12:03:16] Cleaned: Emp 13 Week 0 - Aggregated 3 records, deleted 2 duplicates
[2026-02-13 12:03:16] Cleaned: Emp 13 Week 1 - Aggregated 49 records, deleted 48 duplicates
[2026-02-13 12:03:16] Cleaned: Emp 13 Week 2 - Aggregated 71 records, deleted 70 duplicates
[2026-02-13 12:03:16] Cleaned: Emp 13 Week 3 - Aggregated 5 records, deleted 4 duplicates
[2026-02-13 12:03:16] Cleaned: Emp 13 Week 4 - Aggregated 2 records, deleted 1 duplicates
[2026-02-13 12:03:16] Cleaned: Emp 14 Week 0 - Aggregated 2 records, deleted 1 duplicates
[2026-02-13 12:03:16] Cleaned: Emp 14 Week 1 - Aggregated 3 records, deleted 2 duplicates
[2026-02-13 12:03:16] Cleaned: Emp 14 Week 2 - Aggregated 2 records, deleted 1 duplicates
[2026-02-13 12:03:16] Cleaned: Emp 14 Week 2 - Aggregated 2 records, deleted 1 duplicates
[2026-02-13 12:03:16] Cleaned: Emp 14 Week 0 - Aggregated 3 records, deleted 2 duplicates
[2026-02-13 12:03:16] Cleaned: Emp 14 Week 1 - Aggregated 49 records, deleted 48 duplicates
[2026-02-13 12:03:16] Cleaned: Emp 14 Week 2 - Aggregated 71 records, deleted 70 duplicates
[2026-02-13 12:03:16] Cleaned: Emp 14 Week 3 - Aggregated 5 records, deleted 4 duplicates
[2026-02-13 12:03:16] Cleaned: Emp 14 Week 4 - Aggregated 2 records, deleted 1 duplicates
[2026-02-13 12:03:16] Cleaned: Emp 15 Week 0 - Aggregated 2 records, deleted 1 duplicates
[2026-02-13 12:03:16] Cleaned: Emp 15 Week 1 - Aggregated 3 records, deleted 2 duplicates
[2026-02-13 12:03:16] Cleaned: Emp 15 Week 2 - Aggregated 2 records, deleted 1 duplicates
[2026-02-13 12:03:16] Cleaned: Emp 15 Week 2 - Aggregated 2 records, deleted 1 duplicates
[2026-02-13 12:03:16] Cleaned: Emp 15 Week 0 - Aggregated 3 records, deleted 2 duplicates
[2026-02-13 12:03:16] Cleaned: Emp 15 Week 1 - Aggregated 49 records, deleted 48 duplicates
[2026-02-13 12:03:16] Cleaned: Emp 15 Week 2 - Aggregated 71 records, deleted 70 duplicates
[2026-02-13 12:03:16] Cleaned: Emp 15 Week 3 - Aggregated 5 records, deleted 4 duplicates
[2026-02-13 12:03:16] Cleaned: Emp 15 Week 4 - Aggregated 2 records, deleted 1 duplicates
[2026-02-13 12:03:16] Cleaned: Emp 16 Week 0 - Aggregated 2 records, deleted 1 duplicates
[2026-02-13 12:03:16] Cleaned: Emp 16 Week 1 - Aggregated 3 records, deleted 2 duplicates
[2026-02-13 12:03:16] Cleaned: Emp 16 Week 2 - Aggregated 2 records, deleted 1 duplicates
[2026-02-13 12:03:16] Cleaned: Emp 16 Week 2 - Aggregated 2 records, deleted 1 duplicates
[2026-02-13 12:03:16] Cleaned: Emp 16 Week 0 - Aggregated 3 records, deleted 2 duplicates
[2026-02-13 12:03:16] Cleaned: Emp 16 Week 1 - Aggregated 49 records, deleted 48 duplicates
[2026-02-13 12:03:16] Cleaned: Emp 16 Week 2 - Aggregated 71 records, deleted 70 duplicates
[2026-02-13 12:03:16] Cleaned: Emp 16 Week 3 - Aggregated 5 records, deleted 4 duplicates
[2026-02-13 12:03:16] Cleaned: Emp 16 Week 4 - Aggregated 2 records, deleted 1 duplicates
[2026-02-13 12:03:16] Cleaned: Emp 17 Week 0 - Aggregated 2 records, deleted 1 duplicates
[2026-02-13 12:03:16] Cleaned: Emp 17 Week 1 - Aggregated 3 records, deleted 2 duplicates
[2026-02-13 12:03:16] Cleaned: Emp 17 Week 2 - Aggregated 2 records, deleted 1 duplicates
[2026-02-13 12:03:16] Cleaned: Emp 17 Week 2 - Aggregated 2 records, deleted 1 duplicates
[2026-02-13 12:03:16] Cleaned: Emp 17 Week 0 - Aggregated 3 records, deleted 2 duplicates
[2026-02-13 12:03:16] Cleaned: Emp 17 Week 1 - Aggregated 49 records, deleted 48 duplicates
[2026-02-13 12:03:16] Cleaned: Emp 17 Week 2 - Aggregated 71 records, deleted 70 duplicates
[2026-02-13 12:03:16] Cleaned: Emp 17 Week 3 - Aggregated 5 records, deleted 4 duplicates
[2026-02-13 12:03:16] Cleaned: Emp 17 Week 4 - Aggregated 2 records, deleted 1 duplicates
[2026-02-13 12:03:16] Cleaned: Emp 18 Week 0 - Aggregated 2 records, deleted 1 duplicates
[2026-02-13 12:03:16] Cleaned: Emp 18 Week 1 - Aggregated 3 records, deleted 2 duplicates
[2026-02-13 12:03:16] Cleaned: Emp 18 Week 2 - Aggregated 2 records, deleted 1 duplicates
[2026-02-13 12:03:16] Cleaned: Emp 18 Week 2 - Aggregated 2 records, deleted 1 duplicates
[2026-02-13 12:03:16] Cleaned: Emp 18 Week 0 - Aggregated 3 records, deleted 2 duplicates
[2026-02-13 12:03:16] Cleaned: Emp 18 Week 1 - Aggregated 49 records, deleted 48 duplicates
[2026-02-13 12:03:16] Cleaned: Emp 18 Week 2 - Aggregated 71 records, deleted 70 duplicates
[2026-02-13 12:03:16] Cleaned: Emp 18 Week 3 - Aggregated 5 records, deleted 4 duplicates
[2026-02-13 12:03:16] Cleaned: Emp 18 Week 4 - Aggregated 2 records, deleted 1 duplicates
[2026-02-13 12:03:16] Cleaned: Emp 19 Week 0 - Aggregated 2 records, deleted 1 duplicates
[2026-02-13 12:03:16] Cleaned: Emp 19 Week 1 - Aggregated 3 records, deleted 2 duplicates
[2026-02-13 12:03:16] Cleaned: Emp 19 Week 2 - Aggregated 2 records, deleted 1 duplicates
[2026-02-13 12:03:16] Cleaned: Emp 19 Week 2 - Aggregated 2 records, deleted 1 duplicates
[2026-02-13 12:03:16] Cleaned: Emp 19 Week 0 - Aggregated 3 records, deleted 2 duplicates
[2026-02-13 12:03:16] Cleaned: Emp 19 Week 1 - Aggregated 49 records, deleted 48 duplicates
[2026-02-13 12:03:16] Cleaned: Emp 19 Week 2 - Aggregated 71 records, deleted 70 duplicates
[2026-02-13 12:03:16] Cleaned: Emp 19 Week 3 - Aggregated 5 records, deleted 4 duplicates
[2026-02-13 12:03:16] Cleaned: Emp 19 Week 4 - Aggregated 2 records, deleted 1 duplicates
[2026-02-13 12:03:16] Cleaned: Emp 20 Week 0 - Aggregated 2 records, deleted 1 duplicates
[2026-02-13 12:03:16] Cleaned: Emp 20 Week 1 - Aggregated 3 records, deleted 2 duplicates
[2026-02-13 12:03:16] Cleaned: Emp 20 Week 2 - Aggregated 2 records, deleted 1 duplicates
[2026-02-13 12:03:16] Cleaned: Emp 20 Week 2 - Aggregated 2 records, deleted 1 duplicates
[2026-02-13 12:03:16] Cleaned: Emp 20 Week 0 - Aggregated 3 records, deleted 2 duplicates
[2026-02-13 12:03:16] Cleaned: Emp 20 Week 1 - Aggregated 49 records, deleted 48 duplicates
[2026-02-13 12:03:16] Cleaned: Emp 20 Week 2 - Aggregated 71 records, deleted 70 duplicates
[2026-02-13 12:03:16] Cleaned: Emp 20 Week 3 - Aggregated 5 records, deleted 4 duplicates
[2026-02-13 12:03:16] Cleaned: Emp 20 Week 4 - Aggregated 2 records, deleted 1 duplicates
[2026-02-13 12:03:16] Cleaned: Emp 21 Week 0 - Aggregated 2 records, deleted 1 duplicates
[2026-02-13 12:03:16] Cleaned: Emp 21 Week 1 - Aggregated 3 records, deleted 2 duplicates
[2026-02-13 12:03:16] Cleaned: Emp 21 Week 2 - Aggregated 2 records, deleted 1 duplicates
[2026-02-13 12:03:16] Cleaned: Emp 21 Week 2 - Aggregated 2 records, deleted 1 duplicates
[2026-02-13 12:03:16] Cleaned: Emp 21 Week 0 - Aggregated 3 records, deleted 2 duplicates
[2026-02-13 12:03:16] Cleaned: Emp 21 Week 1 - Aggregated 49 records, deleted 48 duplicates
[2026-02-13 12:03:16] Cleaned: Emp 21 Week 2 - Aggregated 71 records, deleted 70 duplicates
[2026-02-13 12:03:16] Cleaned: Emp 21 Week 3 - Aggregated 5 records, deleted 4 duplicates
[2026-02-13 12:03:16] Cleaned: Emp 21 Week 4 - Aggregated 2 records, deleted 1 duplicates
[2026-02-13 12:03:16] Cleaned: Emp 22 Week 0 - Aggregated 2 records, deleted 1 duplicates
[2026-02-13 12:03:16] Cleaned: Emp 22 Week 1 - Aggregated 3 records, deleted 2 duplicates
[2026-02-13 12:03:16] Cleaned: Emp 22 Week 2 - Aggregated 2 records, deleted 1 duplicates
[2026-02-13 12:03:16] Cleaned: Emp 22 Week 2 - Aggregated 2 records, deleted 1 duplicates
[2026-02-13 12:03:16] Cleaned: Emp 22 Week 0 - Aggregated 3 records, deleted 2 duplicates
[2026-02-13 12:03:16] Cleaned: Emp 22 Week 1 - Aggregated 49 records, deleted 48 duplicates
[2026-02-13 12:03:16] Cleaned: Emp 22 Week 2 - Aggregated 71 records, deleted 70 duplicates
[2026-02-13 12:03:16] Cleaned: Emp 22 Week 3 - Aggregated 5 records, deleted 4 duplicates
[2026-02-13 12:03:16] Cleaned: Emp 22 Week 4 - Aggregated 2 records, deleted 1 duplicates
[2026-02-13 12:03:16] Cleaned: Emp 23 Week 0 - Aggregated 2 records, deleted 1 duplicates
[2026-02-13 12:03:16] Cleaned: Emp 23 Week 1 - Aggregated 3 records, deleted 2 duplicates
[2026-02-13 12:03:16] Cleaned: Emp 23 Week 2 - Aggregated 2 records, deleted 1 duplicates
[2026-02-13 12:03:16] Cleaned: Emp 23 Week 2 - Aggregated 2 records, deleted 1 duplicates
[2026-02-13 12:03:16] Cleaned: Emp 23 Week 0 - Aggregated 3 records, deleted 2 duplicates
[2026-02-13 12:03:16] Cleaned: Emp 23 Week 1 - Aggregated 49 records, deleted 48 duplicates
[2026-02-13 12:03:16] Cleaned: Emp 23 Week 2 - Aggregated 71 records, deleted 70 duplicates
[2026-02-13 12:03:16] Cleaned: Emp 23 Week 3 - Aggregated 5 records, deleted 4 duplicates
[2026-02-13 12:03:16] Cleaned: Emp 23 Week 4 - Aggregated 2 records, deleted 1 duplicates
[2026-02-13 12:03:16] Cleaned: Emp 24 Week 0 - Aggregated 2 records, deleted 1 duplicates
[2026-02-13 12:03:16] Cleaned: Emp 24 Week 1 - Aggregated 3 records, deleted 2 duplicates
[2026-02-13 12:03:16] Cleaned: Emp 24 Week 2 - Aggregated 2 records, deleted 1 duplicates
[2026-02-13 12:03:16] Cleaned: Emp 24 Week 2 - Aggregated 2 records, deleted 1 duplicates
[2026-02-13 12:03:16] Cleaned: Emp 24 Week 0 - Aggregated 3 records, deleted 2 duplicates
[2026-02-13 12:03:16] Cleaned: Emp 24 Week 1 - Aggregated 49 records, deleted 48 duplicates
[2026-02-13 12:03:16] Cleaned: Emp 24 Week 2 - Aggregated 71 records, deleted 70 duplicates
[2026-02-13 12:03:16] Cleaned: Emp 24 Week 3 - Aggregated 5 records, deleted 4 duplicates
[2026-02-13 12:03:16] Cleaned: Emp 24 Week 4 - Aggregated 2 records, deleted 1 duplicates
[2026-02-13 12:03:16] Cleaned: Emp 25 Week 0 - Aggregated 2 records, deleted 1 duplicates
[2026-02-13 12:03:16] Cleaned: Emp 25 Week 1 - Aggregated 3 records, deleted 2 duplicates
[2026-02-13 12:03:16] Cleaned: Emp 25 Week 2 - Aggregated 2 records, deleted 1 duplicates
[2026-02-13 12:03:16] Cleaned: Emp 25 Week 2 - Aggregated 2 records, deleted 1 duplicates
[2026-02-13 12:03:16] Cleaned: Emp 25 Week 0 - Aggregated 3 records, deleted 2 duplicates
[2026-02-13 12:03:16] Cleaned: Emp 25 Week 1 - Aggregated 49 records, deleted 48 duplicates
[2026-02-13 12:03:16] Cleaned: Emp 25 Week 2 - Aggregated 71 records, deleted 70 duplicates
[2026-02-13 12:03:16] Cleaned: Emp 25 Week 3 - Aggregated 5 records, deleted 4 duplicates
[2026-02-13 12:03:16] Cleaned: Emp 25 Week 4 - Aggregated 2 records, deleted 1 duplicates
[2026-02-13 12:03:16] Cleaned: Emp 26 Week 0 - Aggregated 2 records, deleted 1 duplicates
[2026-02-13 12:03:16] Cleaned: Emp 26 Week 1 - Aggregated 3 records, deleted 2 duplicates
[2026-02-13 12:03:17] Cleaned: Emp 26 Week 2 - Aggregated 2 records, deleted 1 duplicates
[2026-02-13 12:03:17] Cleaned: Emp 26 Week 2 - Aggregated 2 records, deleted 1 duplicates
[2026-02-13 12:03:17] Cleaned: Emp 26 Week 0 - Aggregated 3 records, deleted 2 duplicates
[2026-02-13 12:03:17] Cleaned: Emp 26 Week 1 - Aggregated 49 records, deleted 48 duplicates
[2026-02-13 12:03:17] Cleaned: Emp 26 Week 2 - Aggregated 71 records, deleted 70 duplicates
[2026-02-13 12:03:17] Cleaned: Emp 26 Week 3 - Aggregated 5 records, deleted 4 duplicates
[2026-02-13 12:03:17] Cleaned: Emp 26 Week 4 - Aggregated 2 records, deleted 1 duplicates
[2026-02-13 12:03:17] Cleaned: Emp 27 Week 0 - Aggregated 2 records, deleted 1 duplicates
[2026-02-13 12:03:17] Cleaned: Emp 27 Week 1 - Aggregated 3 records, deleted 2 duplicates
[2026-02-13 12:03:17] Cleaned: Emp 27 Week 2 - Aggregated 2 records, deleted 1 duplicates
[2026-02-13 12:03:17] Cleaned: Emp 27 Week 2 - Aggregated 2 records, deleted 1 duplicates
[2026-02-13 12:03:17] Cleaned: Emp 27 Week 0 - Aggregated 3 records, deleted 2 duplicates
[2026-02-13 12:03:17] Cleaned: Emp 27 Week 1 - Aggregated 49 records, deleted 48 duplicates
[2026-02-13 12:03:17] Cleaned: Emp 27 Week 2 - Aggregated 71 records, deleted 70 duplicates
[2026-02-13 12:03:17] Cleaned: Emp 27 Week 3 - Aggregated 5 records, deleted 4 duplicates
[2026-02-13 12:03:17] Cleaned: Emp 27 Week 4 - Aggregated 2 records, deleted 1 duplicates
[2026-02-13 12:03:17] Cleaned: Emp 28 Week 0 - Aggregated 2 records, deleted 1 duplicates
[2026-02-13 12:03:17] Cleaned: Emp 28 Week 1 - Aggregated 3 records, deleted 2 duplicates
[2026-02-13 12:03:17] Cleaned: Emp 28 Week 2 - Aggregated 2 records, deleted 1 duplicates
[2026-02-13 12:03:17] Cleaned: Emp 28 Week 2 - Aggregated 2 records, deleted 1 duplicates
[2026-02-13 12:03:17] Cleaned: Emp 28 Week 0 - Aggregated 3 records, deleted 2 duplicates
[2026-02-13 12:03:17] Cleaned: Emp 28 Week 1 - Aggregated 49 records, deleted 48 duplicates
[2026-02-13 12:03:17] Cleaned: Emp 28 Week 2 - Aggregated 71 records, deleted 70 duplicates
[2026-02-13 12:03:17] Cleaned: Emp 28 Week 3 - Aggregated 5 records, deleted 4 duplicates
[2026-02-13 12:03:17] Cleaned: Emp 28 Week 4 - Aggregated 2 records, deleted 1 duplicates
[2026-02-13 12:03:17] Cleaned: Emp 29 Week 0 - Aggregated 2 records, deleted 1 duplicates
[2026-02-13 12:03:17] Cleaned: Emp 29 Week 1 - Aggregated 3 records, deleted 2 duplicates
[2026-02-13 12:03:17] Cleaned: Emp 29 Week 2 - Aggregated 2 records, deleted 1 duplicates
[2026-02-13 12:03:17] Cleaned: Emp 29 Week 2 - Aggregated 2 records, deleted 1 duplicates
[2026-02-13 12:03:17] Cleaned: Emp 29 Week 0 - Aggregated 3 records, deleted 2 duplicates
[2026-02-13 12:03:17] Cleaned: Emp 29 Week 1 - Aggregated 49 records, deleted 48 duplicates
[2026-02-13 12:03:17] Cleaned: Emp 29 Week 2 - Aggregated 71 records, deleted 70 duplicates
[2026-02-13 12:03:17] Cleaned: Emp 29 Week 3 - Aggregated 5 records, deleted 4 duplicates
[2026-02-13 12:03:17] Cleaned: Emp 29 Week 4 - Aggregated 2 records, deleted 1 duplicates
[2026-02-13 12:03:17] Cleaned: Emp 30 Week 0 - Aggregated 2 records, deleted 1 duplicates
[2026-02-13 12:03:17] Cleaned: Emp 30 Week 1 - Aggregated 3 records, deleted 2 duplicates
[2026-02-13 12:03:17] Cleaned: Emp 30 Week 2 - Aggregated 2 records, deleted 1 duplicates
[2026-02-13 12:03:17] Cleaned: Emp 30 Week 2 - Aggregated 2 records, deleted 1 duplicates
[2026-02-13 12:03:17] Cleaned: Emp 30 Week 0 - Aggregated 3 records, deleted 2 duplicates
[2026-02-13 12:03:17] Cleaned: Emp 30 Week 1 - Aggregated 49 records, deleted 48 duplicates
[2026-02-13 12:03:17] Cleaned: Emp 30 Week 2 - Aggregated 71 records, deleted 70 duplicates
[2026-02-13 12:03:17] Cleaned: Emp 30 Week 3 - Aggregated 5 records, deleted 4 duplicates
[2026-02-13 12:03:17] Cleaned: Emp 30 Week 4 - Aggregated 2 records, deleted 1 duplicates
[2026-02-13 12:03:17] Cleaned: Emp 31 Week 0 - Aggregated 2 records, deleted 1 duplicates
[2026-02-13 12:03:17] Cleaned: Emp 31 Week 1 - Aggregated 3 records, deleted 2 duplicates
[2026-02-13 12:03:17] Cleaned: Emp 31 Week 2 - Aggregated 2 records, deleted 1 duplicates
[2026-02-13 12:03:17] Cleaned: Emp 31 Week 2 - Aggregated 2 records, deleted 1 duplicates
[2026-02-13 12:03:17] Cleaned: Emp 31 Week 0 - Aggregated 3 records, deleted 2 duplicates
[2026-02-13 12:03:17] Cleaned: Emp 31 Week 1 - Aggregated 49 records, deleted 48 duplicates
[2026-02-13 12:03:17] Cleaned: Emp 31 Week 2 - Aggregated 71 records, deleted 70 duplicates
[2026-02-13 12:03:17] Cleaned: Emp 31 Week 3 - Aggregated 5 records, deleted 4 duplicates
[2026-02-13 12:03:17] Cleaned: Emp 31 Week 4 - Aggregated 2 records, deleted 1 duplicates
[2026-02-13 12:03:17] Cleaned: Emp 32 Week 0 - Aggregated 2 records, deleted 1 duplicates
[2026-02-13 12:03:17] Cleaned: Emp 32 Week 1 - Aggregated 3 records, deleted 2 duplicates
[2026-02-13 12:03:17] Cleaned: Emp 32 Week 2 - Aggregated 2 records, deleted 1 duplicates
[2026-02-13 12:03:17] Cleaned: Emp 32 Week 2 - Aggregated 2 records, deleted 1 duplicates
[2026-02-13 12:03:17] Cleaned: Emp 32 Week 0 - Aggregated 3 records, deleted 2 duplicates
[2026-02-13 12:03:17] Cleaned: Emp 32 Week 1 - Aggregated 49 records, deleted 48 duplicates
[2026-02-13 12:03:17] Cleaned: Emp 32 Week 2 - Aggregated 71 records, deleted 70 duplicates
[2026-02-13 12:03:17] Cleaned: Emp 32 Week 3 - Aggregated 5 records, deleted 4 duplicates
[2026-02-13 12:03:17] Cleaned: Emp 32 Week 4 - Aggregated 2 records, deleted 1 duplicates
[2026-02-13 12:03:17] Cleaned: Emp 33 Week 0 - Aggregated 2 records, deleted 1 duplicates
[2026-02-13 12:03:17] Cleaned: Emp 33 Week 1 - Aggregated 3 records, deleted 2 duplicates
[2026-02-13 12:03:17] Cleaned: Emp 33 Week 2 - Aggregated 2 records, deleted 1 duplicates
[2026-02-13 12:03:17] Cleaned: Emp 33 Week 2 - Aggregated 2 records, deleted 1 duplicates
[2026-02-13 12:03:17] Cleaned: Emp 33 Week 0 - Aggregated 3 records, deleted 2 duplicates
[2026-02-13 12:03:17] Cleaned: Emp 33 Week 1 - Aggregated 49 records, deleted 48 duplicates
[2026-02-13 12:03:17] Cleaned: Emp 33 Week 2 - Aggregated 71 records, deleted 70 duplicates
[2026-02-13 12:03:17] Cleaned: Emp 33 Week 3 - Aggregated 5 records, deleted 4 duplicates
[2026-02-13 12:03:17] Cleaned: Emp 33 Week 4 - Aggregated 2 records, deleted 1 duplicates
[2026-02-13 12:03:17] Cleaned: Emp 34 Week 0 - Aggregated 2 records, deleted 1 duplicates
[2026-02-13 12:03:17] Cleaned: Emp 34 Week 1 - Aggregated 3 records, deleted 2 duplicates
[2026-02-13 12:03:17] Cleaned: Emp 34 Week 2 - Aggregated 2 records, deleted 1 duplicates
[2026-02-13 12:03:17] Cleaned: Emp 34 Week 2 - Aggregated 2 records, deleted 1 duplicates
[2026-02-13 12:03:17] Cleaned: Emp 34 Week 0 - Aggregated 3 records, deleted 2 duplicates
[2026-02-13 12:03:17] Cleaned: Emp 34 Week 1 - Aggregated 49 records, deleted 48 duplicates
[2026-02-13 12:03:17] Cleaned: Emp 34 Week 2 - Aggregated 71 records, deleted 70 duplicates
[2026-02-13 12:03:17] Cleaned: Emp 34 Week 3 - Aggregated 5 records, deleted 4 duplicates
[2026-02-13 12:03:17] Cleaned: Emp 34 Week 4 - Aggregated 2 records, deleted 1 duplicates
[2026-02-13 12:03:17] Cleaned: Emp 35 Week 0 - Aggregated 2 records, deleted 1 duplicates
[2026-02-13 12:03:17] Cleaned: Emp 35 Week 1 - Aggregated 3 records, deleted 2 duplicates
[2026-02-13 12:03:17] Cleaned: Emp 35 Week 2 - Aggregated 2 records, deleted 1 duplicates
[2026-02-13 12:03:17] Cleaned: Emp 35 Week 2 - Aggregated 2 records, deleted 1 duplicates
[2026-02-13 12:03:17] Cleaned: Emp 35 Week 0 - Aggregated 3 records, deleted 2 duplicates
[2026-02-13 12:03:17] Cleaned: Emp 35 Week 1 - Aggregated 49 records, deleted 48 duplicates
[2026-02-13 12:03:17] Cleaned: Emp 35 Week 2 - Aggregated 71 records, deleted 70 duplicates
[2026-02-13 12:03:17] Cleaned: Emp 35 Week 3 - Aggregated 5 records, deleted 4 duplicates
[2026-02-13 12:03:17] Cleaned: Emp 35 Week 4 - Aggregated 2 records, deleted 1 duplicates
[2026-02-13 12:03:17] Cleaned: Emp 36 Week 0 - Aggregated 2 records, deleted 1 duplicates
[2026-02-13 12:03:17] Cleaned: Emp 36 Week 1 - Aggregated 3 records, deleted 2 duplicates
[2026-02-13 12:03:17] Cleaned: Emp 36 Week 2 - Aggregated 2 records, deleted 1 duplicates
[2026-02-13 12:03:17] Cleaned: Emp 36 Week 2 - Aggregated 2 records, deleted 1 duplicates
[2026-02-13 12:03:17] Cleaned: Emp 36 Week 0 - Aggregated 3 records, deleted 2 duplicates
[2026-02-13 12:03:17] Cleaned: Emp 36 Week 1 - Aggregated 49 records, deleted 48 duplicates
[2026-02-13 12:03:17] Cleaned: Emp 36 Week 2 - Aggregated 71 records, deleted 70 duplicates
[2026-02-13 12:03:17] Cleaned: Emp 36 Week 3 - Aggregated 5 records, deleted 4 duplicates
[2026-02-13 12:03:17] Cleaned: Emp 36 Week 4 - Aggregated 2 records, deleted 1 duplicates
[2026-02-13 12:03:17] Cleaned: Emp 37 Week 0 - Aggregated 2 records, deleted 1 duplicates
[2026-02-13 12:03:17] Cleaned: Emp 37 Week 1 - Aggregated 3 records, deleted 2 duplicates
[2026-02-13 12:03:17] Cleaned: Emp 37 Week 2 - Aggregated 2 records, deleted 1 duplicates
[2026-02-13 12:03:17] Cleaned: Emp 37 Week 2 - Aggregated 2 records, deleted 1 duplicates
[2026-02-13 12:03:17] Cleaned: Emp 37 Week 0 - Aggregated 3 records, deleted 2 duplicates
[2026-02-13 12:03:17] Cleaned: Emp 37 Week 1 - Aggregated 49 records, deleted 48 duplicates
[2026-02-13 12:03:17] Cleaned: Emp 37 Week 2 - Aggregated 71 records, deleted 70 duplicates
[2026-02-13 12:03:17] Cleaned: Emp 37 Week 3 - Aggregated 5 records, deleted 4 duplicates
[2026-02-13 12:03:17] Cleaned: Emp 37 Week 4 - Aggregated 2 records, deleted 1 duplicates
[2026-02-13 12:03:17] Cleaned: Emp 38 Week 0 - Aggregated 2 records, deleted 1 duplicates
[2026-02-13 12:03:17] Cleaned: Emp 38 Week 1 - Aggregated 3 records, deleted 2 duplicates
[2026-02-13 12:03:17] Cleaned: Emp 38 Week 2 - Aggregated 2 records, deleted 1 duplicates
[2026-02-13 12:03:17] Cleaned: Emp 38 Week 2 - Aggregated 2 records, deleted 1 duplicates
[2026-02-13 12:03:17] Cleaned: Emp 38 Week 0 - Aggregated 3 records, deleted 2 duplicates
[2026-02-13 12:03:17] Cleaned: Emp 38 Week 1 - Aggregated 49 records, deleted 48 duplicates
[2026-02-13 12:03:17] Cleaned: Emp 38 Week 2 - Aggregated 71 records, deleted 70 duplicates
[2026-02-13 12:03:17] Cleaned: Emp 38 Week 3 - Aggregated 5 records, deleted 4 duplicates
[2026-02-13 12:03:17] Cleaned: Emp 38 Week 4 - Aggregated 2 records, deleted 1 duplicates
[2026-02-13 12:03:17] Cleaned: Emp 39 Week 0 - Aggregated 2 records, deleted 1 duplicates
[2026-02-13 12:03:17] Cleaned: Emp 39 Week 1 - Aggregated 3 records, deleted 2 duplicates
[2026-02-13 12:03:17] Cleaned: Emp 39 Week 2 - Aggregated 2 records, deleted 1 duplicates
[2026-02-13 12:03:17] Cleaned: Emp 39 Week 2 - Aggregated 2 records, deleted 1 duplicates
[2026-02-13 12:03:17] Cleaned: Emp 39 Week 0 - Aggregated 3 records, deleted 2 duplicates
[2026-02-13 12:03:17] Cleaned: Emp 39 Week 1 - Aggregated 49 records, deleted 48 duplicates
[2026-02-13 12:03:17] Cleaned: Emp 39 Week 2 - Aggregated 71 records, deleted 70 duplicates
[2026-02-13 12:03:17] Cleaned: Emp 39 Week 3 - Aggregated 5 records, deleted 4 duplicates
[2026-02-13 12:03:17] Cleaned: Emp 39 Week 4 - Aggregated 2 records, deleted 1 duplicates
[2026-02-13 12:03:17] Cleaned: Emp 40 Week 0 - Aggregated 2 records, deleted 1 duplicates
[2026-02-13 12:03:17] Cleaned: Emp 40 Week 1 - Aggregated 3 records, deleted 2 duplicates
[2026-02-13 12:03:17] Cleaned: Emp 40 Week 2 - Aggregated 2 records, deleted 1 duplicates
[2026-02-13 12:03:17] Cleaned: Emp 40 Week 2 - Aggregated 2 records, deleted 1 duplicates
[2026-02-13 12:03:17] Cleaned: Emp 40 Week 0 - Aggregated 3 records, deleted 2 duplicates
[2026-02-13 12:03:17] Cleaned: Emp 40 Week 1 - Aggregated 49 records, deleted 48 duplicates
[2026-02-13 12:03:17] Cleaned: Emp 40 Week 2 - Aggregated 71 records, deleted 70 duplicates
[2026-02-13 12:03:17] Cleaned: Emp 40 Week 3 - Aggregated 5 records, deleted 4 duplicates
[2026-02-13 12:03:17] Cleaned: Emp 40 Week 4 - Aggregated 2 records, deleted 1 duplicates
[2026-02-13 12:03:17] Cleaned: Emp 41 Week 0 - Aggregated 2 records, deleted 1 duplicates
[2026-02-13 12:03:17] Cleaned: Emp 41 Week 1 - Aggregated 3 records, deleted 2 duplicates
[2026-02-13 12:03:17] Cleaned: Emp 41 Week 2 - Aggregated 2 records, deleted 1 duplicates
[2026-02-13 12:03:17] Cleaned: Emp 41 Week 2 - Aggregated 2 records, deleted 1 duplicates
[2026-02-13 12:03:17] Cleaned: Emp 41 Week 0 - Aggregated 3 records, deleted 2 duplicates
[2026-02-13 12:03:17] Cleaned: Emp 41 Week 1 - Aggregated 49 records, deleted 48 duplicates
[2026-02-13 12:03:17] Cleaned: Emp 41 Week 2 - Aggregated 71 records, deleted 70 duplicates
[2026-02-13 12:03:17] Cleaned: Emp 41 Week 3 - Aggregated 5 records, deleted 4 duplicates
[2026-02-13 12:03:17] Cleaned: Emp 41 Week 4 - Aggregated 2 records, deleted 1 duplicates
[2026-02-13 12:03:17] Cleaned: Emp 42 Week 0 - Aggregated 2 records, deleted 1 duplicates
[2026-02-13 12:03:17] Cleaned: Emp 42 Week 1 - Aggregated 3 records, deleted 2 duplicates
[2026-02-13 12:03:17] Cleaned: Emp 42 Week 2 - Aggregated 2 records, deleted 1 duplicates
[2026-02-13 12:03:17] Cleaned: Emp 42 Week 2 - Aggregated 2 records, deleted 1 duplicates
[2026-02-13 12:03:17] Cleaned: Emp 42 Week 0 - Aggregated 3 records, deleted 2 duplicates
[2026-02-13 12:03:17] Cleaned: Emp 42 Week 1 - Aggregated 49 records, deleted 48 duplicates
[2026-02-13 12:03:17] Cleaned: Emp 42 Week 2 - Aggregated 71 records, deleted 70 duplicates
[2026-02-13 12:03:17] Cleaned: Emp 42 Week 3 - Aggregated 5 records, deleted 4 duplicates
[2026-02-13 12:03:17] Cleaned: Emp 42 Week 4 - Aggregated 2 records, deleted 1 duplicates
[2026-02-13 12:03:17] Cleaned: Emp 43 Week 0 - Aggregated 2 records, deleted 1 duplicates
[2026-02-13 12:03:17] Cleaned: Emp 43 Week 1 - Aggregated 3 records, deleted 2 duplicates
[2026-02-13 12:03:17] Cleaned: Emp 43 Week 2 - Aggregated 2 records, deleted 1 duplicates
[2026-02-13 12:03:17] Cleaned: Emp 43 Week 2 - Aggregated 2 records, deleted 1 duplicates
[2026-02-13 12:03:17] Cleaned: Emp 43 Week 0 - Aggregated 3 records, deleted 2 duplicates
[2026-02-13 12:03:17] Cleaned: Emp 43 Week 1 - Aggregated 49 records, deleted 48 duplicates
[2026-02-13 12:03:17] Cleaned: Emp 43 Week 2 - Aggregated 71 records, deleted 70 duplicates
[2026-02-13 12:03:17] Cleaned: Emp 43 Week 3 - Aggregated 5 records, deleted 4 duplicates
[2026-02-13 12:03:17] Cleaned: Emp 43 Week 4 - Aggregated 2 records, deleted 1 duplicates
[2026-02-13 12:03:17] Cleaned: Emp 44 Week 0 - Aggregated 2 records, deleted 1 duplicates
[2026-02-13 12:03:17] Cleaned: Emp 44 Week 1 - Aggregated 3 records, deleted 2 duplicates
[2026-02-13 12:03:17] Cleaned: Emp 44 Week 2 - Aggregated 2 records, deleted 1 duplicates
[2026-02-13 12:03:17] Cleaned: Emp 44 Week 2 - Aggregated 2 records, deleted 1 duplicates
[2026-02-13 12:03:17] Cleaned: Emp 44 Week 0 - Aggregated 3 records, deleted 2 duplicates
[2026-02-13 12:03:17] Cleaned: Emp 44 Week 1 - Aggregated 49 records, deleted 48 duplicates
[2026-02-13 12:03:17] Cleaned: Emp 44 Week 2 - Aggregated 71 records, deleted 70 duplicates
[2026-02-13 12:03:17] Cleaned: Emp 44 Week 3 - Aggregated 5 records, deleted 4 duplicates
[2026-02-13 12:03:17] Cleaned: Emp 44 Week 4 - Aggregated 2 records, deleted 1 duplicates
[2026-02-13 12:03:17] Cleaned: Emp 45 Week 0 - Aggregated 2 records, deleted 1 duplicates
[2026-02-13 12:03:17] Cleaned: Emp 45 Week 1 - Aggregated 3 records, deleted 2 duplicates
[2026-02-13 12:03:17] Cleaned: Emp 45 Week 2 - Aggregated 2 records, deleted 1 duplicates
[2026-02-13 12:03:17] Cleaned: Emp 45 Week 2 - Aggregated 2 records, deleted 1 duplicates
[2026-02-13 12:03:17] Cleaned: Emp 45 Week 0 - Aggregated 3 records, deleted 2 duplicates
[2026-02-13 12:03:17] Cleaned: Emp 45 Week 1 - Aggregated 49 records, deleted 48 duplicates
[2026-02-13 12:03:17] Cleaned: Emp 45 Week 2 - Aggregated 71 records, deleted 70 duplicates
[2026-02-13 12:03:17] Cleaned: Emp 45 Week 3 - Aggregated 5 records, deleted 4 duplicates
[2026-02-13 12:03:17] Cleaned: Emp 45 Week 4 - Aggregated 2 records, deleted 1 duplicates
[2026-02-13 12:03:17] Cleaned: Emp 46 Week 0 - Aggregated 2 records, deleted 1 duplicates
[2026-02-13 12:03:17] Cleaned: Emp 46 Week 1 - Aggregated 3 records, deleted 2 duplicates
[2026-02-13 12:03:17] Cleaned: Emp 46 Week 2 - Aggregated 2 records, deleted 1 duplicates
[2026-02-13 12:03:17] Cleaned: Emp 46 Week 2 - Aggregated 2 records, deleted 1 duplicates
[2026-02-13 12:03:17] Cleaned: Emp 46 Week 0 - Aggregated 3 records, deleted 2 duplicates
[2026-02-13 12:03:17] Cleaned: Emp 46 Week 1 - Aggregated 49 records, deleted 48 duplicates
[2026-02-13 12:03:17] Cleaned: Emp 46 Week 2 - Aggregated 71 records, deleted 70 duplicates
[2026-02-13 12:03:17] Cleaned: Emp 46 Week 3 - Aggregated 5 records, deleted 4 duplicates
[2026-02-13 12:03:17] Cleaned: Emp 46 Week 4 - Aggregated 2 records, deleted 1 duplicates
[2026-02-13 12:03:17] Cleaned: Emp 47 Week 0 - Aggregated 2 records, deleted 1 duplicates
[2026-02-13 12:03:17] Cleaned: Emp 47 Week 1 - Aggregated 3 records, deleted 2 duplicates
[2026-02-13 12:03:17] Cleaned: Emp 47 Week 2 - Aggregated 2 records, deleted 1 duplicates
[2026-02-13 12:03:17] Cleaned: Emp 47 Week 2 - Aggregated 2 records, deleted 1 duplicates
[2026-02-13 12:03:17] Cleaned: Emp 47 Week 0 - Aggregated 3 records, deleted 2 duplicates
[2026-02-13 12:03:17] Cleaned: Emp 47 Week 1 - Aggregated 49 records, deleted 48 duplicates
[2026-02-13 12:03:17] Cleaned: Emp 47 Week 2 - Aggregated 71 records, deleted 70 duplicates
[2026-02-13 12:03:17] Cleaned: Emp 47 Week 3 - Aggregated 5 records, deleted 4 duplicates
[2026-02-13 12:03:17] Cleaned: Emp 47 Week 4 - Aggregated 2 records, deleted 1 duplicates
[2026-02-13 12:03:17] Cleaned: Emp 48 Week 0 - Aggregated 2 records, deleted 1 duplicates
[2026-02-13 12:03:17] Cleaned: Emp 48 Week 1 - Aggregated 3 records, deleted 2 duplicates
[2026-02-13 12:03:17] Cleaned: Emp 48 Week 2 - Aggregated 2 records, deleted 1 duplicates
[2026-02-13 12:03:17] Cleaned: Emp 48 Week 2 - Aggregated 2 records, deleted 1 duplicates
[2026-02-13 12:03:17] Cleaned: Emp 48 Week 0 - Aggregated 3 records, deleted 2 duplicates
[2026-02-13 12:03:17] Cleaned: Emp 48 Week 1 - Aggregated 49 records, deleted 48 duplicates
[2026-02-13 12:03:17] Cleaned: Emp 48 Week 2 - Aggregated 71 records, deleted 70 duplicates
[2026-02-13 12:03:17] Cleaned: Emp 48 Week 3 - Aggregated 5 records, deleted 4 duplicates
[2026-02-13 12:03:17] Cleaned: Emp 48 Week 4 - Aggregated 2 records, deleted 1 duplicates
[2026-02-13 12:03:17] Cleaned: Emp 49 Week 0 - Aggregated 2 records, deleted 1 duplicates
[2026-02-13 12:03:17] Cleaned: Emp 49 Week 1 - Aggregated 3 records, deleted 2 duplicates
[2026-02-13 12:03:17] Cleaned: Emp 49 Week 2 - Aggregated 2 records, deleted 1 duplicates
[2026-02-13 12:03:17] Cleaned: Emp 49 Week 2 - Aggregated 2 records, deleted 1 duplicates
[2026-02-13 12:03:17] Cleaned: Emp 49 Week 0 - Aggregated 3 records, deleted 2 duplicates
[2026-02-13 12:03:17] Cleaned: Emp 49 Week 1 - Aggregated 49 records, deleted 48 duplicates
[2026-02-13 12:03:17] Cleaned: Emp 49 Week 2 - Aggregated 71 records, deleted 70 duplicates
[2026-02-13 12:03:17] Cleaned: Emp 49 Week 3 - Aggregated 5 records, deleted 4 duplicates
[2026-02-13 12:03:17] Cleaned: Emp 49 Week 4 - Aggregated 2 records, deleted 1 duplicates
[2026-02-13 12:03:17] Cleaned: Emp 50 Week 0 - Aggregated 2 records, deleted 1 duplicates
[2026-02-13 12:03:17] Cleaned: Emp 50 Week 1 - Aggregated 3 records, deleted 2 duplicates
[2026-02-13 12:03:17] Cleaned: Emp 50 Week 2 - Aggregated 2 records, deleted 1 duplicates
[2026-02-13 12:03:17] Cleaned: Emp 50 Week 2 - Aggregated 2 records, deleted 1 duplicates
[2026-02-13 12:03:17] Cleaned: Emp 50 Week 0 - Aggregated 3 records, deleted 2 duplicates
[2026-02-13 12:03:17] Cleaned: Emp 50 Week 1 - Aggregated 49 records, deleted 48 duplicates
[2026-02-13 12:03:17] Cleaned: Emp 50 Week 2 - Aggregated 71 records, deleted 70 duplicates
[2026-02-13 12:03:17] Cleaned: Emp 50 Week 3 - Aggregated 5 records, deleted 4 duplicates
[2026-02-13 12:03:17] Cleaned: Emp 50 Week 4 - Aggregated 2 records, deleted 1 duplicates
[2026-02-13 12:03:17] Cleaned: Emp 51 Week 0 - Aggregated 2 records, deleted 1 duplicates
[2026-02-13 12:03:17] Cleaned: Emp 51 Week 1 - Aggregated 3 records, deleted 2 duplicates
[2026-02-13 12:03:17] Cleaned: Emp 51 Week 2 - Aggregated 2 records, deleted 1 duplicates
[2026-02-13 12:03:17] Cleaned: Emp 51 Week 2 - Aggregated 2 records, deleted 1 duplicates
[2026-02-13 12:03:17] Cleaned: Emp 51 Week 0 - Aggregated 3 records, deleted 2 duplicates
[2026-02-13 12:03:17] Cleaned: Emp 51 Week 1 - Aggregated 49 records, deleted 48 duplicates
[2026-02-13 12:03:17] Cleaned: Emp 51 Week 2 - Aggregated 71 records, deleted 70 duplicates
[2026-02-13 12:03:17] Cleaned: Emp 51 Week 3 - Aggregated 5 records, deleted 4 duplicates
[2026-02-13 12:03:17] Cleaned: Emp 51 Week 4 - Aggregated 2 records, deleted 1 duplicates
[2026-02-13 12:03:17] Cleaned: Emp 52 Week 0 - Aggregated 2 records, deleted 1 duplicates
[2026-02-13 12:03:17] Cleaned: Emp 52 Week 1 - Aggregated 3 records, deleted 2 duplicates
[2026-02-13 12:03:17] Cleaned: Emp 52 Week 2 - Aggregated 2 records, deleted 1 duplicates
[2026-02-13 12:03:17] Cleaned: Emp 52 Week 2 - Aggregated 2 records, deleted 1 duplicates
[2026-02-13 12:03:17] Cleaned: Emp 52 Week 0 - Aggregated 3 records, deleted 2 duplicates
[2026-02-13 12:03:17] Cleaned: Emp 52 Week 1 - Aggregated 49 records, deleted 48 duplicates
[2026-02-13 12:03:17] Cleaned: Emp 52 Week 2 - Aggregated 71 records, deleted 70 duplicates
[2026-02-13 12:03:17] Cleaned: Emp 52 Week 3 - Aggregated 5 records, deleted 4 duplicates
[2026-02-13 12:03:17] Cleaned: Emp 52 Week 4 - Aggregated 2 records, deleted 1 duplicates
[2026-02-13 12:03:17] Cleaned: Emp 53 Week 0 - Aggregated 2 records, deleted 1 duplicates
[2026-02-13 12:03:17] Cleaned: Emp 53 Week 1 - Aggregated 3 records, deleted 2 duplicates
[2026-02-13 12:03:17] Cleaned: Emp 53 Week 2 - Aggregated 2 records, deleted 1 duplicates
[2026-02-13 12:03:17] Cleaned: Emp 53 Week 2 - Aggregated 2 records, deleted 1 duplicates
[2026-02-13 12:03:17] Cleaned: Emp 53 Week 0 - Aggregated 3 records, deleted 2 duplicates
[2026-02-13 12:03:17] Cleaned: Emp 53 Week 1 - Aggregated 49 records, deleted 48 duplicates
[2026-02-13 12:03:17] Cleaned: Emp 53 Week 2 - Aggregated 71 records, deleted 70 duplicates
[2026-02-13 12:03:17] Cleaned: Emp 53 Week 3 - Aggregated 5 records, deleted 4 duplicates
[2026-02-13 12:03:17] Cleaned: Emp 53 Week 4 - Aggregated 2 records, deleted 1 duplicates
[2026-02-13 12:03:17] Cleaned: Emp 54 Week 0 - Aggregated 2 records, deleted 1 duplicates
[2026-02-13 12:03:17] Cleaned: Emp 54 Week 1 - Aggregated 3 records, deleted 2 duplicates
[2026-02-13 12:03:17] Cleaned: Emp 54 Week 2 - Aggregated 2 records, deleted 1 duplicates
[2026-02-13 12:03:17] Cleaned: Emp 54 Week 2 - Aggregated 2 records, deleted 1 duplicates
[2026-02-13 12:03:17] Cleaned: Emp 54 Week 0 - Aggregated 3 records, deleted 2 duplicates
[2026-02-13 12:03:17] Cleaned: Emp 54 Week 1 - Aggregated 50 records, deleted 49 duplicates
[2026-02-13 12:03:17] Cleaned: Emp 54 Week 2 - Aggregated 71 records, deleted 70 duplicates
[2026-02-13 12:03:17] Cleaned: Emp 54 Week 3 - Aggregated 5 records, deleted 4 duplicates
[2026-02-13 12:03:17] Cleaned: Emp 54 Week 4 - Aggregated 2 records, deleted 1 duplicates
[2026-02-13 12:03:17] Cleaned: Emp 55 Week 0 - Aggregated 2 records, deleted 1 duplicates
[2026-02-13 12:03:17] Cleaned: Emp 55 Week 1 - Aggregated 3 records, deleted 2 duplicates
[2026-02-13 12:03:17] Cleaned: Emp 55 Week 2 - Aggregated 2 records, deleted 1 duplicates
[2026-02-13 12:03:17] Cleaned: Emp 55 Week 2 - Aggregated 2 records, deleted 1 duplicates
[2026-02-13 12:03:17] Cleaned: Emp 55 Week 0 - Aggregated 3 records, deleted 2 duplicates
[2026-02-13 12:03:17] Cleaned: Emp 55 Week 1 - Aggregated 50 records, deleted 49 duplicates
[2026-02-13 12:03:17] Cleaned: Emp 55 Week 2 - Aggregated 71 records, deleted 70 duplicates
[2026-02-13 12:03:17] Cleaned: Emp 55 Week 3 - Aggregated 5 records, deleted 4 duplicates
[2026-02-13 12:03:17] Cleaned: Emp 55 Week 4 - Aggregated 2 records, deleted 1 duplicates
[2026-02-13 12:03:17] Cleaned: Emp 56 Week 0 - Aggregated 2 records, deleted 1 duplicates
[2026-02-13 12:03:17] Cleaned: Emp 56 Week 1 - Aggregated 3 records, deleted 2 duplicates
[2026-02-13 12:03:17] Cleaned: Emp 56 Week 2 - Aggregated 2 records, deleted 1 duplicates
[2026-02-13 12:03:17] Cleaned: Emp 56 Week 2 - Aggregated 2 records, deleted 1 duplicates
[2026-02-13 12:03:17] Cleaned: Emp 56 Week 0 - Aggregated 3 records, deleted 2 duplicates
[2026-02-13 12:03:17] Cleaned: Emp 56 Week 1 - Aggregated 50 records, deleted 49 duplicates
[2026-02-13 12:03:17] Cleaned: Emp 56 Week 2 - Aggregated 70 records, deleted 69 duplicates
[2026-02-13 12:03:17] Cleaned: Emp 56 Week 3 - Aggregated 5 records, deleted 4 duplicates
[2026-02-13 12:03:17] Cleaned: Emp 56 Week 4 - Aggregated 2 records, deleted 1 duplicates
[2026-02-13 12:03:17] Cleaned: Emp 57 Week 0 - Aggregated 2 records, deleted 1 duplicates
[2026-02-13 12:03:17] Cleaned: Emp 57 Week 1 - Aggregated 3 records, deleted 2 duplicates
[2026-02-13 12:03:17] Cleaned: Emp 57 Week 2 - Aggregated 2 records, deleted 1 duplicates
[2026-02-13 12:03:17] Cleaned: Emp 57 Week 2 - Aggregated 2 records, deleted 1 duplicates
[2026-02-13 12:03:17] Cleaned: Emp 57 Week 0 - Aggregated 3 records, deleted 2 duplicates
[2026-02-13 12:03:17] Cleaned: Emp 57 Week 1 - Aggregated 50 records, deleted 49 duplicates
[2026-02-13 12:03:17] Cleaned: Emp 57 Week 2 - Aggregated 70 records, deleted 69 duplicates
[2026-02-13 12:03:17] Cleaned: Emp 57 Week 3 - Aggregated 5 records, deleted 4 duplicates
[2026-02-13 12:03:17] Cleaned: Emp 57 Week 4 - Aggregated 2 records, deleted 1 duplicates
[2026-02-13 12:03:17] Cleaned: Emp 58 Week 0 - Aggregated 2 records, deleted 1 duplicates
[2026-02-13 12:03:17] Cleaned: Emp 58 Week 1 - Aggregated 3 records, deleted 2 duplicates
[2026-02-13 12:03:17] Cleaned: Emp 58 Week 2 - Aggregated 2 records, deleted 1 duplicates
[2026-02-13 12:03:17] Cleaned: Emp 58 Week 2 - Aggregated 2 records, deleted 1 duplicates
[2026-02-13 12:03:17] Cleaned: Emp 58 Week 0 - Aggregated 3 records, deleted 2 duplicates
[2026-02-13 12:03:17] Cleaned: Emp 58 Week 1 - Aggregated 50 records, deleted 49 duplicates
[2026-02-13 12:03:17] Cleaned: Emp 58 Week 2 - Aggregated 70 records, deleted 69 duplicates
[2026-02-13 12:03:17] Cleaned: Emp 58 Week 3 - Aggregated 5 records, deleted 4 duplicates
[2026-02-13 12:03:17] Cleaned: Emp 58 Week 4 - Aggregated 2 records, deleted 1 duplicates
[2026-02-13 12:03:17] Cleaned: Emp 59 Week 0 - Aggregated 2 records, deleted 1 duplicates
[2026-02-13 12:03:17] Cleaned: Emp 59 Week 1 - Aggregated 3 records, deleted 2 duplicates
[2026-02-13 12:03:17] Cleaned: Emp 59 Week 2 - Aggregated 2 records, deleted 1 duplicates
[2026-02-13 12:03:17] Cleaned: Emp 59 Week 2 - Aggregated 2 records, deleted 1 duplicates
[2026-02-13 12:03:17] Cleaned: Emp 59 Week 0 - Aggregated 3 records, deleted 2 duplicates
[2026-02-13 12:03:17] Cleaned: Emp 59 Week 1 - Aggregated 50 records, deleted 49 duplicates
[2026-02-13 12:03:17] Cleaned: Emp 59 Week 2 - Aggregated 70 records, deleted 69 duplicates
[2026-02-13 12:03:17] Cleaned: Emp 59 Week 3 - Aggregated 5 records, deleted 4 duplicates
[2026-02-13 12:03:17] Cleaned: Emp 59 Week 4 - Aggregated 2 records, deleted 1 duplicates
[2026-02-13 12:03:17] Cleaned: Emp 60 Week 0 - Aggregated 2 records, deleted 1 duplicates
[2026-02-13 12:03:17] Cleaned: Emp 60 Week 1 - Aggregated 3 records, deleted 2 duplicates
[2026-02-13 12:03:17] Cleaned: Emp 60 Week 2 - Aggregated 2 records, deleted 1 duplicates
[2026-02-13 12:03:17] Cleaned: Emp 60 Week 2 - Aggregated 2 records, deleted 1 duplicates
[2026-02-13 12:03:17] Cleaned: Emp 60 Week 0 - Aggregated 3 records, deleted 2 duplicates
[2026-02-13 12:03:17] Cleaned: Emp 60 Week 1 - Aggregated 50 records, deleted 49 duplicates
[2026-02-13 12:03:17] Cleaned: Emp 60 Week 2 - Aggregated 70 records, deleted 69 duplicates
[2026-02-13 12:03:17] Cleaned: Emp 60 Week 3 - Aggregated 5 records, deleted 4 duplicates
[2026-02-13 12:03:17] Cleaned: Emp 60 Week 4 - Aggregated 2 records, deleted 1 duplicates
[2026-02-13 12:03:17] Cleaned: Emp 61 Week 0 - Aggregated 2 records, deleted 1 duplicates
[2026-02-13 12:03:17] Cleaned: Emp 61 Week 1 - Aggregated 3 records, deleted 2 duplicates
[2026-02-13 12:03:17] Cleaned: Emp 61 Week 2 - Aggregated 2 records, deleted 1 duplicates
[2026-02-13 12:03:17] Cleaned: Emp 61 Week 2 - Aggregated 2 records, deleted 1 duplicates
[2026-02-13 12:03:17] Cleaned: Emp 61 Week 0 - Aggregated 3 records, deleted 2 duplicates
[2026-02-13 12:03:17] Cleaned: Emp 61 Week 1 - Aggregated 49 records, deleted 48 duplicates
[2026-02-13 12:03:17] Cleaned: Emp 61 Week 3 - Aggregated 5 records, deleted 4 duplicates
[2026-02-13 12:03:17] Cleaned: Emp 61 Week 4 - Aggregated 2 records, deleted 1 duplicates
[2026-02-13 12:03:17] Cleaned: Emp 63 Week 0 - Aggregated 2 records, deleted 1 duplicates
[2026-02-13 12:03:17] Cleaned: Emp 63 Week 1 - Aggregated 3 records, deleted 2 duplicates
[2026-02-13 12:03:17] Cleaned: Emp 63 Week 2 - Aggregated 2 records, deleted 1 duplicates
[2026-02-13 12:03:17] Cleaned: Emp 63 Week 2 - Aggregated 2 records, deleted 1 duplicates
[2026-02-13 12:03:17] Cleaned: Emp 63 Week 1 - Aggregated 18 records, deleted 17 duplicates
[2026-02-13 12:03:17] Cleaned: Emp 63 Week 2 - Aggregated 11 records, deleted 10 duplicates
[2026-02-13 12:03:17] Cleaned: Emp 63 Week 3 - Aggregated 4 records, deleted 3 duplicates
[2026-02-13 12:03:17] Cleaned: Emp 63 Week 4 - Aggregated 2 records, deleted 1 duplicates
[2026-02-13 12:03:17] Cleaned: Emp 67 Week 0 - Aggregated 2 records, deleted 1 duplicates
[2026-02-13 12:03:17] Cleaned: Emp 67 Week 1 - Aggregated 3 records, deleted 2 duplicates
[2026-02-13 12:03:17] Cleaned: Emp 67 Week 2 - Aggregated 2 records, deleted 1 duplicates
[2026-02-13 12:03:17] Cleaned: Emp 67 Week 2 - Aggregated 2 records, deleted 1 duplicates
[2026-02-13 12:03:17] Cleaned: Emp 67 Week 1 - Aggregated 18 records, deleted 17 duplicates
[2026-02-13 12:03:17] Cleaned: Emp 67 Week 2 - Aggregated 11 records, deleted 10 duplicates
[2026-02-13 12:03:17] Cleaned: Emp 67 Week 3 - Aggregated 4 records, deleted 3 duplicates
[2026-02-13 12:03:18] Cleaned: Emp 67 Week 4 - Aggregated 2 records, deleted 1 duplicates
[2026-02-13 12:03:18] Cleaned: Emp 68 Week 0 - Aggregated 2 records, deleted 1 duplicates
[2026-02-13 12:03:18] Cleaned: Emp 68 Week 1 - Aggregated 3 records, deleted 2 duplicates
[2026-02-13 12:03:18] Cleaned: Emp 68 Week 2 - Aggregated 2 records, deleted 1 duplicates
[2026-02-13 12:03:18] Cleaned: Emp 68 Week 2 - Aggregated 2 records, deleted 1 duplicates
[2026-02-13 12:03:18] Cleaned: Emp 68 Week 1 - Aggregated 18 records, deleted 17 duplicates
[2026-02-13 12:03:18] Cleaned: Emp 68 Week 2 - Aggregated 11 records, deleted 10 duplicates
[2026-02-13 12:03:18] Cleaned: Emp 68 Week 3 - Aggregated 4 records, deleted 3 duplicates
[2026-02-13 12:03:18] Cleaned: Emp 68 Week 4 - Aggregated 2 records, deleted 1 duplicates
[2026-02-13 12:03:18] Cleaned: Emp 111 Week 0 - Aggregated 2 records, deleted 1 duplicates
[2026-02-13 12:03:18] Cleaned: Emp 111 Week 1 - Aggregated 3 records, deleted 2 duplicates
[2026-02-13 12:03:18] Cleaned: Emp 111 Week 2 - Aggregated 2 records, deleted 1 duplicates
[2026-02-13 12:03:18] Cleaned: Emp 111 Week 2 - Aggregated 2 records, deleted 1 duplicates
[2026-02-13 12:03:18] Cleaned: Emp 111 Week 1 - Aggregated 18 records, deleted 17 duplicates
[2026-02-13 12:03:18] Cleaned: Emp 111 Week 2 - Aggregated 11 records, deleted 10 duplicates
[2026-02-13 12:03:18] Cleaned: Emp 111 Week 3 - Aggregated 4 records, deleted 3 duplicates
[2026-02-13 12:03:18] Cleaned: Emp 111 Week 4 - Aggregated 2 records, deleted 1 duplicates
[2026-02-13 12:03:18] Cleaned: Emp 112 Week 0 - Aggregated 2 records, deleted 1 duplicates
[2026-02-13 12:03:18] Cleaned: Emp 112 Week 1 - Aggregated 3 records, deleted 2 duplicates
[2026-02-13 12:03:18] Cleaned: Emp 112 Week 2 - Aggregated 2 records, deleted 1 duplicates
[2026-02-13 12:03:18] Cleaned: Emp 112 Week 2 - Aggregated 2 records, deleted 1 duplicates
[2026-02-13 12:03:18] Cleaned: Emp 112 Week 1 - Aggregated 18 records, deleted 17 duplicates
[2026-02-13 12:03:18] Cleaned: Emp 112 Week 2 - Aggregated 11 records, deleted 10 duplicates
[2026-02-13 12:03:18] Cleaned: Emp 112 Week 3 - Aggregated 4 records, deleted 3 duplicates
[2026-02-13 12:03:18] Cleaned: Emp 112 Week 4 - Aggregated 2 records, deleted 1 duplicates
[2026-02-13 12:03:18] Cleaned: Emp 113 Week 0 - Aggregated 2 records, deleted 1 duplicates
[2026-02-13 12:03:18] Cleaned: Emp 113 Week 1 - Aggregated 3 records, deleted 2 duplicates
[2026-02-13 12:03:18] Cleaned: Emp 113 Week 2 - Aggregated 2 records, deleted 1 duplicates
[2026-02-13 12:03:18] Cleaned: Emp 113 Week 2 - Aggregated 2 records, deleted 1 duplicates
[2026-02-13 12:03:18] Cleaned: Emp 113 Week 1 - Aggregated 18 records, deleted 17 duplicates
[2026-02-13 12:03:18] Cleaned: Emp 113 Week 2 - Aggregated 11 records, deleted 10 duplicates
[2026-02-13 12:03:18] Cleaned: Emp 113 Week 3 - Aggregated 4 records, deleted 3 duplicates
[2026-02-13 12:03:18] Cleaned: Emp 113 Week 4 - Aggregated 2 records, deleted 1 duplicates
[2026-02-13 12:03:18] Cleaned: Emp 114 Week 0 - Aggregated 2 records, deleted 1 duplicates
[2026-02-13 12:03:18] Cleaned: Emp 114 Week 1 - Aggregated 3 records, deleted 2 duplicates
[2026-02-13 12:03:18] Cleaned: Emp 114 Week 2 - Aggregated 2 records, deleted 1 duplicates
[2026-02-13 12:03:18] Cleaned: Emp 114 Week 2 - Aggregated 2 records, deleted 1 duplicates
[2026-02-13 12:03:18] Cleaned: Emp 114 Week 1 - Aggregated 18 records, deleted 17 duplicates
[2026-02-13 12:03:18] Cleaned: Emp 114 Week 2 - Aggregated 11 records, deleted 10 duplicates
[2026-02-13 12:03:18] Cleaned: Emp 114 Week 3 - Aggregated 4 records, deleted 3 duplicates
[2026-02-13 12:03:18] Cleaned: Emp 114 Week 4 - Aggregated 2 records, deleted 1 duplicates
[2026-02-13 12:03:18] Cleaned: Emp 115 Week 0 - Aggregated 2 records, deleted 1 duplicates
[2026-02-13 12:03:18] Cleaned: Emp 115 Week 1 - Aggregated 3 records, deleted 2 duplicates
[2026-02-13 12:03:18] Cleaned: Emp 115 Week 2 - Aggregated 2 records, deleted 1 duplicates
[2026-02-13 12:03:18] Cleaned: Emp 115 Week 2 - Aggregated 2 records, deleted 1 duplicates
[2026-02-13 12:03:18] Cleaned: Emp 115 Week 1 - Aggregated 19 records, deleted 18 duplicates
[2026-02-13 12:03:18] Cleaned: Emp 115 Week 2 - Aggregated 11 records, deleted 10 duplicates
[2026-02-13 12:03:18] Cleaned: Emp 115 Week 3 - Aggregated 4 records, deleted 3 duplicates
[2026-02-13 12:03:18] Cleaned: Emp 115 Week 4 - Aggregated 2 records, deleted 1 duplicates
[2026-02-13 12:03:18] Cleaned: Emp 116 Week 0 - Aggregated 2 records, deleted 1 duplicates
[2026-02-13 12:03:18] Cleaned: Emp 116 Week 1 - Aggregated 3 records, deleted 2 duplicates
[2026-02-13 12:03:18] Cleaned: Emp 116 Week 2 - Aggregated 2 records, deleted 1 duplicates
[2026-02-13 12:03:18] Cleaned: Emp 116 Week 2 - Aggregated 2 records, deleted 1 duplicates
[2026-02-13 12:03:18] Cleaned: Emp 116 Week 1 - Aggregated 18 records, deleted 17 duplicates
[2026-02-13 12:03:18] Cleaned: Emp 116 Week 2 - Aggregated 11 records, deleted 10 duplicates
[2026-02-13 12:03:18] Cleaned: Emp 116 Week 3 - Aggregated 4 records, deleted 3 duplicates
[2026-02-13 12:03:18] Cleaned: Emp 116 Week 4 - Aggregated 2 records, deleted 1 duplicates
[2026-02-13 12:03:18] Cleaned: Emp 117 Week 0 - Aggregated 2 records, deleted 1 duplicates
[2026-02-13 12:03:18] Cleaned: Emp 117 Week 1 - Aggregated 3 records, deleted 2 duplicates
[2026-02-13 12:03:18] Cleaned: Emp 117 Week 2 - Aggregated 2 records, deleted 1 duplicates
[2026-02-13 12:03:18] Cleaned: Emp 117 Week 2 - Aggregated 2 records, deleted 1 duplicates
[2026-02-13 12:03:18] Cleaned: Emp 117 Week 1 - Aggregated 18 records, deleted 17 duplicates
[2026-02-13 12:03:18] Cleaned: Emp 117 Week 2 - Aggregated 11 records, deleted 10 duplicates
[2026-02-13 12:03:18] Cleaned: Emp 117 Week 3 - Aggregated 4 records, deleted 3 duplicates
[2026-02-13 12:03:18] Cleaned: Emp 117 Week 4 - Aggregated 2 records, deleted 1 duplicates
[2026-02-13 12:03:18] Cleaned: Emp 118 Week 0 - Aggregated 2 records, deleted 1 duplicates
[2026-02-13 12:03:18] Cleaned: Emp 118 Week 1 - Aggregated 3 records, deleted 2 duplicates
[2026-02-13 12:03:18] Cleaned: Emp 118 Week 2 - Aggregated 2 records, deleted 1 duplicates
[2026-02-13 12:03:18] Cleaned: Emp 118 Week 2 - Aggregated 2 records, deleted 1 duplicates
[2026-02-13 12:03:18] Cleaned: Emp 118 Week 1 - Aggregated 19 records, deleted 18 duplicates
[2026-02-13 12:03:18] Cleaned: Emp 118 Week 2 - Aggregated 11 records, deleted 10 duplicates
[2026-02-13 12:03:18] Cleaned: Emp 118 Week 3 - Aggregated 4 records, deleted 3 duplicates
[2026-02-13 12:03:18] Cleaned: Emp 118 Week 4 - Aggregated 2 records, deleted 1 duplicates
[2026-02-13 12:03:18] Cleaned: Emp 119 Week 0 - Aggregated 2 records, deleted 1 duplicates
[2026-02-13 12:03:18] Cleaned: Emp 119 Week 1 - Aggregated 3 records, deleted 2 duplicates
[2026-02-13 12:03:18] Cleaned: Emp 119 Week 2 - Aggregated 2 records, deleted 1 duplicates
[2026-02-13 12:03:18] Cleaned: Emp 119 Week 2 - Aggregated 2 records, deleted 1 duplicates
[2026-02-13 12:03:18] Cleaned: Emp 119 Week 1 - Aggregated 19 records, deleted 18 duplicates
[2026-02-13 12:03:18] Cleaned: Emp 119 Week 2 - Aggregated 11 records, deleted 10 duplicates
[2026-02-13 12:03:18] Cleaned: Emp 119 Week 3 - Aggregated 4 records, deleted 3 duplicates
[2026-02-13 12:03:18] Cleaned: Emp 119 Week 4 - Aggregated 2 records, deleted 1 duplicates
[2026-02-13 12:03:18] Cleaned: Emp 120 Week 0 - Aggregated 2 records, deleted 1 duplicates
[2026-02-13 12:03:18] Cleaned: Emp 120 Week 1 - Aggregated 3 records, deleted 2 duplicates
[2026-02-13 12:03:18] Cleaned: Emp 120 Week 2 - Aggregated 2 records, deleted 1 duplicates
[2026-02-13 12:03:18] Cleaned: Emp 120 Week 2 - Aggregated 2 records, deleted 1 duplicates
[2026-02-13 12:03:18] Cleaned: Emp 120 Week 1 - Aggregated 18 records, deleted 17 duplicates
[2026-02-13 12:03:18] Cleaned: Emp 120 Week 2 - Aggregated 11 records, deleted 10 duplicates
[2026-02-13 12:03:18] Cleaned: Emp 120 Week 3 - Aggregated 4 records, deleted 3 duplicates
[2026-02-13 12:03:18] Cleaned: Emp 120 Week 4 - Aggregated 2 records, deleted 1 duplicates
[2026-02-13 12:03:18] Cleaned: Emp 121 Week 0 - Aggregated 2 records, deleted 1 duplicates
[2026-02-13 12:03:18] Cleaned: Emp 121 Week 1 - Aggregated 3 records, deleted 2 duplicates
[2026-02-13 12:03:18] Cleaned: Emp 121 Week 2 - Aggregated 2 records, deleted 1 duplicates
[2026-02-13 12:03:18] Cleaned: Emp 121 Week 2 - Aggregated 2 records, deleted 1 duplicates
[2026-02-13 12:03:18] Cleaned: Emp 121 Week 0 - Aggregated 3 records, deleted 2 duplicates
[2026-02-13 12:03:18] Cleaned: Emp 121 Week 1 - Aggregated 49 records, deleted 48 duplicates
[2026-02-13 12:03:18] Cleaned: Emp 121 Week 2 - Aggregated 71 records, deleted 70 duplicates
[2026-02-13 12:03:18] Cleaned: Emp 121 Week 3 - Aggregated 5 records, deleted 4 duplicates
[2026-02-13 12:03:18] Cleaned: Emp 121 Week 4 - Aggregated 2 records, deleted 1 duplicates
[2026-02-13 12:03:18] Cleaned: Emp 122 Week 0 - Aggregated 2 records, deleted 1 duplicates
[2026-02-13 12:03:18] Cleaned: Emp 122 Week 1 - Aggregated 3 records, deleted 2 duplicates
[2026-02-13 12:03:18] Cleaned: Emp 122 Week 2 - Aggregated 2 records, deleted 1 duplicates
[2026-02-13 12:03:18] Cleaned: Emp 122 Week 2 - Aggregated 2 records, deleted 1 duplicates
[2026-02-13 12:03:18] Cleaned: Emp 122 Week 0 - Aggregated 3 records, deleted 2 duplicates
[2026-02-13 12:03:18] Cleaned: Emp 122 Week 1 - Aggregated 49 records, deleted 48 duplicates
[2026-02-13 12:03:18] Cleaned: Emp 122 Week 2 - Aggregated 71 records, deleted 70 duplicates
[2026-02-13 12:03:18] Cleaned: Emp 122 Week 3 - Aggregated 5 records, deleted 4 duplicates
[2026-02-13 12:03:18] Cleaned: Emp 122 Week 4 - Aggregated 2 records, deleted 1 duplicates
[2026-02-13 12:03:18] Cleaned: Emp 123 Week 0 - Aggregated 2 records, deleted 1 duplicates
[2026-02-13 12:03:18] Cleaned: Emp 123 Week 1 - Aggregated 3 records, deleted 2 duplicates
[2026-02-13 12:03:18] Cleaned: Emp 123 Week 2 - Aggregated 2 records, deleted 1 duplicates
[2026-02-13 12:03:18] Cleaned: Emp 123 Week 2 - Aggregated 2 records, deleted 1 duplicates
[2026-02-13 12:03:18] Cleaned: Emp 123 Week 0 - Aggregated 3 records, deleted 2 duplicates
[2026-02-13 12:03:18] Cleaned: Emp 123 Week 1 - Aggregated 49 records, deleted 48 duplicates
[2026-02-13 12:03:18] Cleaned: Emp 123 Week 2 - Aggregated 71 records, deleted 70 duplicates
[2026-02-13 12:03:18] Cleaned: Emp 123 Week 3 - Aggregated 5 records, deleted 4 duplicates
[2026-02-13 12:03:18] Cleaned: Emp 123 Week 4 - Aggregated 2 records, deleted 1 duplicates
[2026-02-13 12:03:18] Cleaned: Emp 124 Week 0 - Aggregated 2 records, deleted 1 duplicates
[2026-02-13 12:03:18] Cleaned: Emp 124 Week 1 - Aggregated 3 records, deleted 2 duplicates
[2026-02-13 12:03:18] Cleaned: Emp 124 Week 2 - Aggregated 2 records, deleted 1 duplicates
[2026-02-13 12:03:18] Cleaned: Emp 124 Week 2 - Aggregated 2 records, deleted 1 duplicates
[2026-02-13 12:03:18] Cleaned: Emp 124 Week 0 - Aggregated 3 records, deleted 2 duplicates
[2026-02-13 12:03:18] Cleaned: Emp 124 Week 1 - Aggregated 49 records, deleted 48 duplicates
[2026-02-13 12:03:18] Cleaned: Emp 124 Week 2 - Aggregated 71 records, deleted 70 duplicates
[2026-02-13 12:03:18] Cleaned: Emp 124 Week 3 - Aggregated 5 records, deleted 4 duplicates
[2026-02-13 12:03:18] Cleaned: Emp 124 Week 4 - Aggregated 2 records, deleted 1 duplicates
[2026-02-13 12:03:18] Cleaned: Emp 125 Week 0 - Aggregated 2 records, deleted 1 duplicates
[2026-02-13 12:03:18] Cleaned: Emp 125 Week 1 - Aggregated 3 records, deleted 2 duplicates
[2026-02-13 12:03:18] Cleaned: Emp 125 Week 2 - Aggregated 2 records, deleted 1 duplicates
[2026-02-13 12:03:18] Cleaned: Emp 125 Week 2 - Aggregated 2 records, deleted 1 duplicates
[2026-02-13 12:03:18] Cleaned: Emp 125 Week 0 - Aggregated 3 records, deleted 2 duplicates
[2026-02-13 12:03:18] Cleaned: Emp 125 Week 1 - Aggregated 49 records, deleted 48 duplicates
[2026-02-13 12:03:18] Cleaned: Emp 125 Week 2 - Aggregated 71 records, deleted 70 duplicates
[2026-02-13 12:03:18] Cleaned: Emp 125 Week 3 - Aggregated 5 records, deleted 4 duplicates
[2026-02-13 12:03:18] Cleaned: Emp 125 Week 4 - Aggregated 2 records, deleted 1 duplicates
[2026-02-13 12:03:18] Cleaned: Emp 126 Week 0 - Aggregated 2 records, deleted 1 duplicates
[2026-02-13 12:03:18] Cleaned: Emp 126 Week 1 - Aggregated 3 records, deleted 2 duplicates
[2026-02-13 12:03:18] Cleaned: Emp 126 Week 2 - Aggregated 2 records, deleted 1 duplicates
[2026-02-13 12:03:18] Cleaned: Emp 126 Week 2 - Aggregated 2 records, deleted 1 duplicates
[2026-02-13 12:03:18] Cleaned: Emp 126 Week 0 - Aggregated 3 records, deleted 2 duplicates
[2026-02-13 12:03:18] Cleaned: Emp 126 Week 1 - Aggregated 49 records, deleted 48 duplicates
[2026-02-13 12:03:18] Cleaned: Emp 126 Week 2 - Aggregated 71 records, deleted 70 duplicates
[2026-02-13 12:03:18] Cleaned: Emp 126 Week 3 - Aggregated 5 records, deleted 4 duplicates
[2026-02-13 12:03:18] Cleaned: Emp 126 Week 4 - Aggregated 2 records, deleted 1 duplicates
[2026-02-13 12:03:18] Cleaned: Emp 127 Week 0 - Aggregated 2 records, deleted 1 duplicates
[2026-02-13 12:03:18] Cleaned: Emp 127 Week 1 - Aggregated 3 records, deleted 2 duplicates
[2026-02-13 12:03:18] Cleaned: Emp 127 Week 2 - Aggregated 2 records, deleted 1 duplicates
[2026-02-13 12:03:18] Cleaned: Emp 127 Week 2 - Aggregated 2 records, deleted 1 duplicates
[2026-02-13 12:03:18] Cleaned: Emp 127 Week 0 - Aggregated 3 records, deleted 2 duplicates
[2026-02-13 12:03:18] Cleaned: Emp 127 Week 1 - Aggregated 49 records, deleted 48 duplicates
[2026-02-13 12:03:18] Cleaned: Emp 127 Week 2 - Aggregated 71 records, deleted 70 duplicates
[2026-02-13 12:03:18] Cleaned: Emp 127 Week 3 - Aggregated 5 records, deleted 4 duplicates
[2026-02-13 12:03:18] Cleaned: Emp 127 Week 4 - Aggregated 2 records, deleted 1 duplicates
[2026-02-13 12:03:18] Cleaned: Emp 129 Week 0 - Aggregated 2 records, deleted 1 duplicates
[2026-02-13 12:03:18] Cleaned: Emp 129 Week 1 - Aggregated 3 records, deleted 2 duplicates
[2026-02-13 12:03:18] Cleaned: Emp 129 Week 2 - Aggregated 2 records, deleted 1 duplicates
[2026-02-13 12:03:18] Cleaned: Emp 129 Week 2 - Aggregated 2 records, deleted 1 duplicates
[2026-02-13 12:03:18] Cleaned: Emp 129 Week 0 - Aggregated 3 records, deleted 2 duplicates
[2026-02-13 12:03:18] Cleaned: Emp 129 Week 1 - Aggregated 49 records, deleted 48 duplicates
[2026-02-13 12:03:18] Cleaned: Emp 129 Week 2 - Aggregated 71 records, deleted 70 duplicates
[2026-02-13 12:03:18] Cleaned: Emp 129 Week 3 - Aggregated 5 records, deleted 4 duplicates
[2026-02-13 12:03:18] Cleaned: Emp 129 Week 4 - Aggregated 2 records, deleted 1 duplicates
[2026-02-13 12:03:18] Cleaned: Emp 130 Week 0 - Aggregated 2 records, deleted 1 duplicates
[2026-02-13 12:03:18] Cleaned: Emp 130 Week 1 - Aggregated 3 records, deleted 2 duplicates
[2026-02-13 12:03:18] Cleaned: Emp 130 Week 2 - Aggregated 2 records, deleted 1 duplicates
[2026-02-13 12:03:18] Cleaned: Emp 130 Week 2 - Aggregated 2 records, deleted 1 duplicates
[2026-02-13 12:03:18] Cleaned: Emp 130 Week 0 - Aggregated 3 records, deleted 2 duplicates
[2026-02-13 12:03:18] Cleaned: Emp 130 Week 1 - Aggregated 49 records, deleted 48 duplicates
[2026-02-13 12:03:18] Cleaned: Emp 130 Week 2 - Aggregated 71 records, deleted 70 duplicates
[2026-02-13 12:03:18] Cleaned: Emp 130 Week 3 - Aggregated 5 records, deleted 4 duplicates
[2026-02-13 12:03:18] Cleaned: Emp 130 Week 4 - Aggregated 2 records, deleted 1 duplicates
[2026-02-13 12:03:18] Cleaned: Emp 131 Week 0 - Aggregated 2 records, deleted 1 duplicates
[2026-02-13 12:03:18] Cleaned: Emp 131 Week 1 - Aggregated 3 records, deleted 2 duplicates
[2026-02-13 12:03:18] Cleaned: Emp 131 Week 2 - Aggregated 2 records, deleted 1 duplicates
[2026-02-13 12:03:18] Cleaned: Emp 131 Week 2 - Aggregated 2 records, deleted 1 duplicates
[2026-02-13 12:03:18] Cleaned: Emp 131 Week 0 - Aggregated 3 records, deleted 2 duplicates
[2026-02-13 12:03:18] Cleaned: Emp 131 Week 1 - Aggregated 49 records, deleted 48 duplicates
[2026-02-13 12:03:18] Cleaned: Emp 131 Week 2 - Aggregated 71 records, deleted 70 duplicates
[2026-02-13 12:03:18] Cleaned: Emp 131 Week 3 - Aggregated 5 records, deleted 4 duplicates
[2026-02-13 12:03:18] Cleaned: Emp 131 Week 4 - Aggregated 2 records, deleted 1 duplicates
[2026-02-13 12:03:18] Cleaned: Emp 132 Week 0 - Aggregated 2 records, deleted 1 duplicates
[2026-02-13 12:03:18] Cleaned: Emp 132 Week 1 - Aggregated 3 records, deleted 2 duplicates
[2026-02-13 12:03:18] Cleaned: Emp 132 Week 2 - Aggregated 2 records, deleted 1 duplicates
[2026-02-13 12:03:18] Cleaned: Emp 132 Week 2 - Aggregated 2 records, deleted 1 duplicates
[2026-02-13 12:03:18] Cleaned: Emp 132 Week 0 - Aggregated 3 records, deleted 2 duplicates
[2026-02-13 12:03:18] Cleaned: Emp 132 Week 1 - Aggregated 50 records, deleted 49 duplicates
[2026-02-13 12:03:18] Cleaned: Emp 132 Week 2 - Aggregated 70 records, deleted 69 duplicates
[2026-02-13 12:03:18] Cleaned: Emp 132 Week 3 - Aggregated 5 records, deleted 4 duplicates
[2026-02-13 12:03:18] Cleaned: Emp 132 Week 4 - Aggregated 2 records, deleted 1 duplicates
[2026-02-13 12:03:18] Cleaned: Emp 133 Week 0 - Aggregated 2 records, deleted 1 duplicates
[2026-02-13 12:03:18] Cleaned: Emp 133 Week 1 - Aggregated 3 records, deleted 2 duplicates
[2026-02-13 12:03:18] Cleaned: Emp 133 Week 2 - Aggregated 2 records, deleted 1 duplicates
[2026-02-13 12:03:18] Cleaned: Emp 133 Week 2 - Aggregated 2 records, deleted 1 duplicates
[2026-02-13 12:03:18] Cleaned: Emp 133 Week 0 - Aggregated 3 records, deleted 2 duplicates
[2026-02-13 12:03:18] Cleaned: Emp 133 Week 1 - Aggregated 49 records, deleted 48 duplicates
[2026-02-13 12:03:18] Cleaned: Emp 133 Week 2 - Aggregated 71 records, deleted 70 duplicates
[2026-02-13 12:03:18] Cleaned: Emp 133 Week 3 - Aggregated 5 records, deleted 4 duplicates
[2026-02-13 12:03:18] Cleaned: Emp 133 Week 4 - Aggregated 2 records, deleted 1 duplicates
[2026-02-13 12:03:18] Cleaned: Emp 134 Week 0 - Aggregated 2 records, deleted 1 duplicates
[2026-02-13 12:03:18] Cleaned: Emp 134 Week 1 - Aggregated 3 records, deleted 2 duplicates
[2026-02-13 12:03:18] Cleaned: Emp 134 Week 2 - Aggregated 2 records, deleted 1 duplicates
[2026-02-13 12:03:18] Cleaned: Emp 134 Week 2 - Aggregated 2 records, deleted 1 duplicates
[2026-02-13 12:03:18] Cleaned: Emp 134 Week 0 - Aggregated 3 records, deleted 2 duplicates
[2026-02-13 12:03:18] Cleaned: Emp 134 Week 1 - Aggregated 49 records, deleted 48 duplicates
[2026-02-13 12:03:18] Cleaned: Emp 134 Week 2 - Aggregated 71 records, deleted 70 duplicates
[2026-02-13 12:03:18] Cleaned: Emp 134 Week 3 - Aggregated 5 records, deleted 4 duplicates
[2026-02-13 12:03:18] Cleaned: Emp 134 Week 4 - Aggregated 2 records, deleted 1 duplicates
[2026-02-13 12:03:18] === Cleanup Complete ===
[2026-02-13 12:03:18] Groups cleaned: 686
[2026-02-13 12:03:18] Records deleted: 8689
[2026-02-13 12:03:18] Total records before: 9500
[2026-02-13 12:03:18] Total records after: 811
[2026-02-13 12:03:18] Backup table: weekly_payroll_reports_backup_20260213_120316
